<?xml version="1.0" encoding="UTF-8"?>
<coverage generated="1676868869">
    <project timestamp="1676868869">
        <file
            name="/home/ebalo/Desktop/Projects/php/student-forum-full-backend/app/Actions/Fortify/PasswordValidationRules.php">
            <class name="App\Actions\Fortify\PasswordValidationRules" namespace="global">
                <metrics complexity="1" methods="1" coveredmethods="1" conditionals="0" coveredconditionals="0"
                         statements="1" coveredstatements="1" elements="2" coveredelements="2"/>
            </class>
            <line num="13" type="method" name="passwordRules" visibility="protected" complexity="1" crap="1" count="5"/>
            <line num="15" type="stmt" count="5"/>
            <metrics loc="18" ncloc="13" classes="1" methods="1" coveredmethods="1" conditionals="0"
                     coveredconditionals="0" statements="1" coveredstatements="1" elements="2" coveredelements="2"/>
        </file>
        <file
            name="/home/ebalo/Desktop/Projects/php/student-forum-full-backend/app/Actions/Fortify/ResetUserPassword.php">
            <class name="App\Actions\Fortify\ResetUserPassword" namespace="global">
                <metrics complexity="1" methods="1" coveredmethods="1" conditionals="0" coveredconditionals="0"
                         statements="11" coveredstatements="11" elements="12" coveredelements="12"/>
            </class>
            <line num="18" type="method" name="reset" visibility="public" complexity="1" crap="1" count="1"/>
            <line num="23" type="stmt" count="1"/>
            <line num="24" type="stmt" count="1"/>
            <line num="25" type="stmt" count="1"/>
            <line num="26" type="stmt" count="1"/>
            <line num="27" type="stmt" count="1"/>
            <line num="28" type="stmt" count="1"/>
            <line num="30" type="stmt" count="1"/>
            <line num="31" type="stmt" count="1"/>
            <line num="32" type="stmt" count="1"/>
            <line num="33" type="stmt" count="1"/>
            <line num="34" type="stmt" count="1"/>
            <metrics loc="37" ncloc="32" classes="1" methods="1" coveredmethods="1" conditionals="0"
                     coveredconditionals="0" statements="11" coveredstatements="11" elements="12" coveredelements="12"/>
        </file>
        <file
            name="/home/ebalo/Desktop/Projects/php/student-forum-full-backend/app/Actions/Fortify/UpdateUserPassword.php">
            <class name="App\Actions\Fortify\UpdateUserPassword" namespace="global">
                <metrics complexity="1" methods="1" coveredmethods="1" conditionals="0" coveredconditionals="0"
                         statements="17" coveredstatements="17" elements="18" coveredelements="18"/>
            </class>
            <line num="18" type="method" name="update" visibility="public" complexity="1" crap="1" count="4"/>
            <line num="23" type="stmt" count="4"/>
            <line num="24" type="stmt" count="4"/>
            <line num="25" type="stmt" count="4"/>
            <line num="26" type="stmt" count="4"/>
            <line num="27" type="stmt" count="4"/>
            <line num="28" type="stmt" count="4"/>
            <line num="29" type="stmt" count="4"/>
            <line num="30" type="stmt" count="4"/>
            <line num="31" type="stmt" count="4"/>
            <line num="32" type="stmt" count="4"/>
            <line num="33" type="stmt" count="4"/>
            <line num="34" type="stmt" count="4"/>
            <line num="36" type="stmt" count="2"/>
            <line num="37" type="stmt" count="2"/>
            <line num="38" type="stmt" count="2"/>
            <line num="39" type="stmt" count="2"/>
            <line num="40" type="stmt" count="2"/>
            <metrics loc="43" ncloc="38" classes="1" methods="1" coveredmethods="1" conditionals="0"
                     coveredconditionals="0" statements="17" coveredstatements="17" elements="18" coveredelements="18"/>
        </file>
        <file
            name="/home/ebalo/Desktop/Projects/php/student-forum-full-backend/app/Actions/Fortify/UpdateUserProfileInformation.php">
            <class name="App\Actions\Fortify\UpdateUserProfileInformation" namespace="global">
                <metrics complexity="1" methods="1" coveredmethods="1" conditionals="0" coveredconditionals="0"
                         statements="12" coveredstatements="12" elements="13" coveredelements="13"/>
            </class>
            <line num="20" type="method" name="update" visibility="public" complexity="1" crap="1" count="2"/>
            <line num="25" type="stmt" count="2"/>
            <line num="26" type="stmt" count="2"/>
            <line num="27" type="stmt" count="2"/>
            <line num="28" type="stmt" count="2"/>
            <line num="29" type="stmt" count="2"/>
            <line num="30" type="stmt" count="2"/>
            <line num="32" type="stmt" count="2"/>
            <line num="33" type="stmt" count="2"/>
            <line num="34" type="stmt" count="2"/>
            <line num="35" type="stmt" count="2"/>
            <line num="36" type="stmt" count="2"/>
            <line num="39" type="stmt" count="2"/>
            <metrics loc="42" ncloc="34" classes="1" methods="1" coveredmethods="1" conditionals="0"
                     coveredconditionals="0" statements="12" coveredstatements="12" elements="13" coveredelements="13"/>
        </file>
        <file
            name="/home/ebalo/Desktop/Projects/php/student-forum-full-backend/app/Console/Commands/ModuleMakeCommandOverride.php">
            <class name="App\Console\Commands\ModuleMakeCommandOverride" namespace="global">
                <metrics complexity="4" methods="0" coveredmethods="0" conditionals="0" coveredconditionals="0"
                         statements="0" coveredstatements="0" elements="0" coveredelements="0"/>
            </class>
            <metrics loc="69" ncloc="62" classes="0" methods="0" coveredmethods="0" conditionals="0"
                     coveredconditionals="0" statements="0" coveredstatements="0" elements="0" coveredelements="0"/>
        </file>
        <file
            name="/home/ebalo/Desktop/Projects/php/student-forum-full-backend/app/Console/Commands/ModuleNamespaceFixCommand.php">
            <class name="App\Console\Commands\ModuleNamespaceFixCommand" namespace="global">
                <metrics complexity="6" methods="0" coveredmethods="0" conditionals="0" coveredconditionals="0"
                         statements="0" coveredstatements="0" elements="0" coveredelements="0"/>
            </class>
            <metrics loc="138" ncloc="112" classes="0" methods="0" coveredmethods="0" conditionals="0"
                     coveredconditionals="0" statements="0" coveredstatements="0" elements="0" coveredelements="0"/>
        </file>
        <file name="/home/ebalo/Desktop/Projects/php/student-forum-full-backend/app/Console/Kernel.php">
            <class name="App\Console\Kernel" namespace="global">
                <metrics complexity="1" methods="1" coveredmethods="1" conditionals="0" coveredconditionals="0"
                         statements="2" coveredstatements="2" elements="3" coveredelements="3"/>
            </class>
            <line num="11" type="method" name="commands" visibility="protected" complexity="1" crap="1" count="172"/>
            <line num="13" type="stmt" count="172"/>
            <line num="15" type="stmt" count="172"/>
            <metrics loc="26" ncloc="16" classes="1" methods="1" coveredmethods="1" conditionals="0"
                     coveredconditionals="0" statements="2" coveredstatements="2" elements="3" coveredelements="3"/>
        </file>
        <file name="/home/ebalo/Desktop/Projects/php/student-forum-full-backend/app/Contracts/QueryContract.php">
            <metrics loc="23" ncloc="15" classes="0" methods="0" coveredmethods="0" conditionals="0"
                     coveredconditionals="0" statements="0" coveredstatements="0" elements="0" coveredelements="0"/>
        </file>
        <file
            name="/home/ebalo/Desktop/Projects/php/student-forum-full-backend/app/Contracts/ReservableModelContract.php">
            <metrics loc="22" ncloc="12" classes="0" methods="0" coveredmethods="0" conditionals="0"
                     coveredconditionals="0" statements="0" coveredstatements="0" elements="0" coveredelements="0"/>
        </file>
        <file name="/home/ebalo/Desktop/Projects/php/student-forum-full-backend/app/Data/NavigationRegistryData.php">
            <class name="App\Data\NavigationRegistryData" namespace="global">
                <metrics complexity="3" methods="2" coveredmethods="2" conditionals="0" coveredconditionals="0"
                         statements="2" coveredstatements="2" elements="4" coveredelements="4"/>
            </class>
            <line num="13" type="method" name="canBeViewed" visibility="public" complexity="2" crap="2" count="1"/>
            <line num="15" type="stmt" count="1"/>
            <line num="18" type="method" name="__construct" visibility="public" complexity="1" crap="1" count="172"/>
            <line num="23" type="stmt" count="172"/>
            <metrics loc="25" ncloc="20" classes="1" methods="2" coveredmethods="2" conditionals="0"
                     coveredconditionals="0" statements="2" coveredstatements="2" elements="4" coveredelements="4"/>
        </file>
        <file name="/home/ebalo/Desktop/Projects/php/student-forum-full-backend/app/Enum/ButtonVariant.php">
            <metrics loc="17" ncloc="13" classes="0" methods="0" coveredmethods="0" conditionals="0"
                     coveredconditionals="0" statements="0" coveredstatements="0" elements="0" coveredelements="0"/>
        </file>
        <file name="/home/ebalo/Desktop/Projects/php/student-forum-full-backend/app/Enum/DatetimeFormatVariation.php">
            <metrics loc="14" ncloc="14" classes="0" methods="0" coveredmethods="0" conditionals="0"
                     coveredconditionals="0" statements="0" coveredstatements="0" elements="0" coveredelements="0"/>
        </file>
        <file name="/home/ebalo/Desktop/Projects/php/student-forum-full-backend/app/Enum/InternalRoles.php">
            <metrics loc="19" ncloc="14" classes="0" methods="0" coveredmethods="0" conditionals="0"
                     coveredconditionals="0" statements="0" coveredstatements="0" elements="0" coveredelements="0"/>
        </file>
        <file
            name="/home/ebalo/Desktop/Projects/php/student-forum-full-backend/app/Enum/LivewireEventEmissionMethod.php">
            <metrics loc="23" ncloc="16" classes="0" methods="0" coveredmethods="0" conditionals="0"
                     coveredconditionals="0" statements="0" coveredstatements="0" elements="0" coveredelements="0"/>
        </file>
        <file name="/home/ebalo/Desktop/Projects/php/student-forum-full-backend/app/Enum/Metadata/Collectable.php">
            <class name="App\Enum\Metadata\Collectable" namespace="global">
                <metrics complexity="4" methods="2" coveredmethods="2" conditionals="0" coveredconditionals="0"
                         statements="8" coveredstatements="8" elements="10" coveredelements="10"/>
            </class>
            <line num="11" type="method" name="method" visibility="public" complexity="1" crap="1" count="174"/>
            <line num="13" type="stmt" count="174"/>
            <line num="16" type="method" name="transform" visibility="protected" complexity="3" crap="3" count="174"/>
            <line num="22" type="stmt" count="174"/>
            <line num="23" type="stmt" count="174"/>
            <line num="24" type="stmt" count="174"/>
            <line num="25" type="stmt" count="174"/>
            <line num="26" type="stmt" count="174"/>
            <line num="27" type="stmt" count="173"/>
            <line num="29" type="stmt" count="1"/>
            <metrics loc="32" ncloc="30" classes="1" methods="2" coveredmethods="2" conditionals="0"
                     coveredconditionals="0" statements="8" coveredstatements="8" elements="10" coveredelements="10"/>
        </file>
        <file name="/home/ebalo/Desktop/Projects/php/student-forum-full-backend/app/Enum/Metadata/Description.php">
            <class name="App\Enum\Metadata\Description" namespace="global">
                <metrics complexity="0" methods="0" coveredmethods="0" conditionals="0" coveredconditionals="0"
                         statements="0" coveredstatements="0" elements="0" coveredelements="0"/>
            </class>
            <metrics loc="11" ncloc="11" classes="0" methods="0" coveredmethods="0" conditionals="0"
                     coveredconditionals="0" statements="0" coveredstatements="0" elements="0" coveredelements="0"/>
        </file>
        <file name="/home/ebalo/Desktop/Projects/php/student-forum-full-backend/app/Enum/Metadata/Permissions.php">
            <class name="App\Enum\Metadata\Permissions" namespace="global">
                <metrics complexity="3" methods="1" coveredmethods="1" conditionals="0" coveredconditionals="0"
                         statements="7" coveredstatements="7" elements="8" coveredelements="8"/>
            </class>
            <line num="17" type="method" name="transform" visibility="protected" complexity="3" crap="3" count="174"/>
            <line num="23" type="stmt" count="174"/>
            <line num="24" type="stmt" count="174"/>
            <line num="25" type="stmt" count="174"/>
            <line num="26" type="stmt" count="174"/>
            <line num="27" type="stmt" count="174"/>
            <line num="28" type="stmt" count="173"/>
            <line num="30" type="stmt" count="1"/>
            <metrics loc="33" ncloc="24" classes="1" methods="1" coveredmethods="1" conditionals="0"
                     coveredconditionals="0" statements="7" coveredstatements="7" elements="8" coveredelements="8"/>
        </file>
        <file name="/home/ebalo/Desktop/Projects/php/student-forum-full-backend/app/Enum/PasswordGenerationRules.php">
            <metrics loc="63" ncloc="36" classes="0" methods="0" coveredmethods="0" conditionals="0"
                     coveredconditionals="0" statements="0" coveredstatements="0" elements="0" coveredelements="0"/>
        </file>
        <file
            name="/home/ebalo/Desktop/Projects/php/student-forum-full-backend/app/Enum/Permissions/Classes/Control.php">
            <metrics loc="23" ncloc="18" classes="0" methods="0" coveredmethods="0" conditionals="0"
                     coveredconditionals="0" statements="0" coveredstatements="0" elements="0" coveredelements="0"/>
        </file>
        <file name="/home/ebalo/Desktop/Projects/php/student-forum-full-backend/app/Enum/Permissions/Classes/Event.php">
            <metrics loc="34" ncloc="26" classes="0" methods="0" coveredmethods="0" conditionals="0"
                     coveredconditionals="0" statements="0" coveredstatements="0" elements="0" coveredelements="0"/>
        </file>
        <file name="/home/ebalo/Desktop/Projects/php/student-forum-full-backend/app/Enum/Permissions/Classes/User.php">
            <metrics loc="21" ncloc="15" classes="0" methods="0" coveredmethods="0" conditionals="0"
                     coveredconditionals="0" statements="0" coveredstatements="0" elements="0" coveredelements="0"/>
        </file>
        <file
            name="/home/ebalo/Desktop/Projects/php/student-forum-full-backend/app/Enum/Permissions/PermissionClasses.php">
            <metrics loc="33" ncloc="25" classes="0" methods="0" coveredmethods="0" conditionals="0"
                     coveredconditionals="0" statements="0" coveredstatements="0" elements="0" coveredelements="0"/>
        </file>
        <file name="/home/ebalo/Desktop/Projects/php/student-forum-full-backend/app/Enum/Routes/PaymentRouteNames.php">
            <metrics loc="13" ncloc="13" classes="0" methods="0" coveredmethods="0" conditionals="0"
                     coveredconditionals="0" statements="0" coveredstatements="0" elements="0" coveredelements="0"/>
        </file>
        <file
            name="/home/ebalo/Desktop/Projects/php/student-forum-full-backend/app/Exceptions/ActivityMaximumReservationsReachedException.php">
            <class name="App\Exceptions\ActivityMaximumReservationsReachedException" namespace="global">
                <metrics complexity="1" methods="1" coveredmethods="1" conditionals="0" coveredconditionals="0"
                         statements="5" coveredstatements="5" elements="6" coveredelements="6"/>
            </class>
            <line num="10" type="method" name="__construct" visibility="public" complexity="1" crap="1" count="1"/>
            <line num="14" type="stmt" count="1"/>
            <line num="15" type="stmt" count="1"/>
            <line num="16" type="stmt" count="1"/>
            <line num="17" type="stmt" count="1"/>
            <line num="18" type="stmt" count="1"/>
            <metrics loc="21" ncloc="21" classes="1" methods="1" coveredmethods="1" conditionals="0"
                     coveredconditionals="0" statements="5" coveredstatements="5" elements="6" coveredelements="6"/>
        </file>
        <file
            name="/home/ebalo/Desktop/Projects/php/student-forum-full-backend/app/Exceptions/EventDayMaximumReservationsReachedException.php">
            <class name="App\Exceptions\EventDayMaximumReservationsReachedException" namespace="global">
                <metrics complexity="1" methods="1" coveredmethods="1" conditionals="0" coveredconditionals="0"
                         statements="7" coveredstatements="7" elements="8" coveredelements="8"/>
            </class>
            <line num="11" type="method" name="__construct" visibility="public" complexity="1" crap="1" count="1"/>
            <line num="15" type="stmt" count="1"/>
            <line num="16" type="stmt" count="1"/>
            <line num="17" type="stmt" count="1"/>
            <line num="18" type="stmt" count="1"/>
            <line num="19" type="stmt" count="1"/>
            <line num="20" type="stmt" count="1"/>
            <line num="21" type="stmt" count="1"/>
            <metrics loc="24" ncloc="24" classes="1" methods="1" coveredmethods="1" conditionals="0"
                     coveredconditionals="0" statements="7" coveredstatements="7" elements="8" coveredelements="8"/>
        </file>
        <file name="/home/ebalo/Desktop/Projects/php/student-forum-full-backend/app/Exceptions/Handler.php">
            <class name="App\Exceptions\Handler" namespace="global">
                <metrics complexity="3" methods="2" coveredmethods="2" conditionals="0" coveredconditionals="0"
                         statements="34" coveredstatements="34" elements="36" coveredelements="36"/>
            </class>
            <line num="47" type="method" name="makeErrorResponse" visibility="public" complexity="2" crap="2"
                  count="7"/>
            <line num="51" type="stmt" count="7"/>
            <line num="52" type="stmt" count="1"/>
            <line num="53" type="stmt" count="1"/>
            <line num="54" type="stmt" count="1"/>
            <line num="55" type="stmt" count="1"/>
            <line num="56" type="stmt" count="1"/>
            <line num="57" type="stmt" count="1"/>
            <line num="58" type="stmt" count="1"/>
            <line num="59" type="stmt" count="1"/>
            <line num="60" type="stmt" count="1"/>
            <line num="61" type="stmt" count="1"/>
            <line num="62" type="stmt" count="1"/>
            <line num="63" type="stmt" count="1"/>
            <line num="64" type="stmt" count="1"/>
            <line num="65" type="stmt" count="1"/>
            <line num="68" type="stmt" count="6"/>
            <line num="69" type="stmt" count="6"/>
            <line num="70" type="stmt" count="6"/>
            <line num="71" type="stmt" count="6"/>
            <line num="72" type="stmt" count="6"/>
            <line num="73" type="stmt" count="6"/>
            <line num="74" type="stmt" count="6"/>
            <line num="75" type="stmt" count="6"/>
            <line num="76" type="stmt" count="6"/>
            <line num="77" type="stmt" count="6"/>
            <line num="78" type="stmt" count="6"/>
            <line num="79" type="stmt" count="6"/>
            <line num="80" type="stmt" count="6"/>
            <line num="81" type="stmt" count="6"/>
            <line num="89" type="method" name="register" visibility="public" complexity="1" crap="1" count="172"/>
            <line num="91" type="stmt" count="172"/>
            <line num="92" type="stmt" count="172"/>
            <line num="93" type="stmt" count="6"/>
            <line num="94" type="stmt" count="172"/>
            <line num="95" type="stmt" count="172"/>
            <metrics loc="98" ncloc="71" classes="1" methods="2" coveredmethods="2" conditionals="0"
                     coveredconditionals="0" statements="34" coveredstatements="34" elements="36" coveredelements="36"/>
        </file>
        <file
            name="/home/ebalo/Desktop/Projects/php/student-forum-full-backend/app/Exceptions/LivewireComponentNotInitializedException.php">
            <class name="App\Exceptions\LivewireComponentNotInitializedException" namespace="global">
                <metrics complexity="1" methods="1" coveredmethods="1" conditionals="0" coveredconditionals="0"
                         statements="4" coveredstatements="4" elements="5" coveredelements="5"/>
            </class>
            <line num="8" type="method" name="__construct" visibility="public" complexity="1" crap="1" count="1"/>
            <line num="10" type="stmt" count="1"/>
            <line num="11" type="stmt" count="1"/>
            <line num="12" type="stmt" count="1"/>
            <line num="13" type="stmt" count="1"/>
            <metrics loc="16" ncloc="16" classes="1" methods="1" coveredmethods="1" conditionals="0"
                     coveredconditionals="0" statements="4" coveredstatements="4" elements="5" coveredelements="5"/>
        </file>
        <file
            name="/home/ebalo/Desktop/Projects/php/student-forum-full-backend/app/Exceptions/MissingOrInvalidHeadersException.php">
            <class name="App\Exceptions\MissingOrInvalidHeadersException" namespace="global">
                <metrics complexity="1" methods="1" coveredmethods="1" conditionals="0" coveredconditionals="0"
                         statements="5" coveredstatements="5" elements="6" coveredelements="6"/>
            </class>
            <line num="9" type="method" name="__construct" visibility="public" complexity="1" crap="1" count="2"/>
            <line num="11" type="stmt" count="2"/>
            <line num="12" type="stmt" count="2"/>
            <line num="13" type="stmt" count="2"/>
            <line num="14" type="stmt" count="2"/>
            <line num="15" type="stmt" count="2"/>
            <metrics loc="18" ncloc="18" classes="1" methods="1" coveredmethods="1" conditionals="0"
                     coveredconditionals="0" statements="5" coveredstatements="5" elements="6" coveredelements="6"/>
        </file>
        <file
            name="/home/ebalo/Desktop/Projects/php/student-forum-full-backend/app/Exceptions/OverlappingPeriodException.php">
            <class name="App\Exceptions\OverlappingPeriodException" namespace="global">
                <metrics complexity="1" methods="1" coveredmethods="1" conditionals="0" coveredconditionals="0"
                         statements="5" coveredstatements="5" elements="6" coveredelements="6"/>
            </class>
            <line num="9" type="method" name="__construct" visibility="public" complexity="1" crap="1" count="1"/>
            <line num="11" type="stmt" count="1"/>
            <line num="12" type="stmt" count="1"/>
            <line num="13" type="stmt" count="1"/>
            <line num="14" type="stmt" count="1"/>
            <line num="15" type="stmt" count="1"/>
            <metrics loc="18" ncloc="18" classes="1" methods="1" coveredmethods="1" conditionals="0"
                     coveredconditionals="0" statements="5" coveredstatements="5" elements="6" coveredelements="6"/>
        </file>
        <file
            name="/home/ebalo/Desktop/Projects/php/student-forum-full-backend/app/Exceptions/PendingUploadInProgressException.php">
            <class name="App\Exceptions\PendingUploadInProgressException" namespace="global">
                <metrics complexity="1" methods="1" coveredmethods="1" conditionals="0" coveredconditionals="0"
                         statements="5" coveredstatements="5" elements="6" coveredelements="6"/>
            </class>
            <line num="9" type="method" name="__construct" visibility="public" complexity="1" crap="1" count="1"/>
            <line num="11" type="stmt" count="1"/>
            <line num="12" type="stmt" count="1"/>
            <line num="13" type="stmt" count="1"/>
            <line num="14" type="stmt" count="1"/>
            <line num="15" type="stmt" count="1"/>
            <metrics loc="18" ncloc="18" classes="1" methods="1" coveredmethods="1" conditionals="0"
                     coveredconditionals="0" statements="5" coveredstatements="5" elements="6" coveredelements="6"/>
        </file>
        <file
            name="/home/ebalo/Desktop/Projects/php/student-forum-full-backend/app/Exceptions/UnserializableBackedEnumException.php">
            <class name="App\Exceptions\UnserializableBackedEnumException" namespace="global">
                <metrics complexity="1" methods="1" coveredmethods="1" conditionals="0" coveredconditionals="0"
                         statements="4" coveredstatements="4" elements="5" coveredelements="5"/>
            </class>
            <line num="9" type="method" name="__construct" visibility="public" complexity="1" crap="1" count="1"/>
            <line num="11" type="stmt" count="1"/>
            <line num="12" type="stmt" count="1"/>
            <line num="13" type="stmt" count="1"/>
            <line num="14" type="stmt" count="1"/>
            <metrics loc="17" ncloc="17" classes="1" methods="1" coveredmethods="1" conditionals="0"
                     coveredconditionals="0" statements="4" coveredstatements="4" elements="5" coveredelements="5"/>
        </file>
        <file
            name="/home/ebalo/Desktop/Projects/php/student-forum-full-backend/app/Facade/AuthorizationServiceFacade.php">
            <class name="App\Facade\AuthorizationServiceFacade" namespace="global">
                <metrics complexity="1" methods="1" coveredmethods="0" conditionals="0" coveredconditionals="0"
                         statements="1" coveredstatements="0" elements="2" coveredelements="0"/>
            </class>
            <line num="12" type="method" name="getFacadeAccessor" visibility="protected" complexity="1" crap="2"
                  count="0"/>
            <line num="14" type="stmt" count="0"/>
            <metrics loc="17" ncloc="14" classes="1" methods="1" coveredmethods="0" conditionals="0"
                     coveredconditionals="0" statements="1" coveredstatements="0" elements="2" coveredelements="0"/>
        </file>
        <file name="/home/ebalo/Desktop/Projects/php/student-forum-full-backend/app/Facade/BulkServiceFacade.php">
            <class name="App\Facade\BulkServiceFacade" namespace="global">
                <metrics complexity="1" methods="1" coveredmethods="1" conditionals="0" coveredconditionals="0"
                         statements="1" coveredstatements="1" elements="2" coveredelements="2"/>
            </class>
            <line num="12" type="method" name="getFacadeAccessor" visibility="protected" complexity="1" crap="1"
                  count="2"/>
            <line num="14" type="stmt" count="2"/>
            <metrics loc="17" ncloc="14" classes="1" methods="1" coveredmethods="1" conditionals="0"
                     coveredconditionals="0" statements="1" coveredstatements="1" elements="2" coveredelements="2"/>
        </file>
        <file name="/home/ebalo/Desktop/Projects/php/student-forum-full-backend/app/Facade/EventDayServiceFacade.php">
            <class name="App\Facade\EventDayServiceFacade" namespace="global">
                <metrics complexity="1" methods="1" coveredmethods="1" conditionals="0" coveredconditionals="0"
                         statements="1" coveredstatements="1" elements="2" coveredelements="2"/>
            </class>
            <line num="12" type="method" name="getFacadeAccessor" visibility="protected" complexity="1" crap="1"
                  count="11"/>
            <line num="14" type="stmt" count="11"/>
            <metrics loc="17" ncloc="14" classes="1" methods="1" coveredmethods="1" conditionals="0"
                     coveredconditionals="0" statements="1" coveredstatements="1" elements="2" coveredelements="2"/>
        </file>
        <file
            name="/home/ebalo/Desktop/Projects/php/student-forum-full-backend/app/Facade/LivewireBannerServiceFacade.php">
            <class name="App\Facade\LivewireBannerServiceFacade" namespace="global">
                <metrics complexity="1" methods="1" coveredmethods="1" conditionals="0" coveredconditionals="0"
                         statements="1" coveredstatements="1" elements="2" coveredelements="2"/>
            </class>
            <line num="12" type="method" name="getFacadeAccessor" visibility="protected" complexity="1" crap="1"
                  count="10"/>
            <line num="14" type="stmt" count="10"/>
            <metrics loc="17" ncloc="14" classes="1" methods="1" coveredmethods="1" conditionals="0"
                     coveredconditionals="0" statements="1" coveredstatements="1" elements="2" coveredelements="2"/>
        </file>
        <file
            name="/home/ebalo/Desktop/Projects/php/student-forum-full-backend/app/Facade/LivewireScrollServiceFacade.php">
            <class name="App\Facade\LivewireScrollServiceFacade" namespace="global">
                <metrics complexity="1" methods="1" coveredmethods="1" conditionals="0" coveredconditionals="0"
                         statements="1" coveredstatements="1" elements="2" coveredelements="2"/>
            </class>
            <line num="12" type="method" name="getFacadeAccessor" visibility="protected" complexity="1" crap="1"
                  count="13"/>
            <line num="14" type="stmt" count="13"/>
            <metrics loc="17" ncloc="14" classes="1" methods="1" coveredmethods="1" conditionals="0"
                     coveredconditionals="0" statements="1" coveredstatements="1" elements="2" coveredelements="2"/>
        </file>
        <file name="/home/ebalo/Desktop/Projects/php/student-forum-full-backend/app/Facade/SettingServiceFacade.php">
            <class name="App\Facade\SettingServiceFacade" namespace="global">
                <metrics complexity="1" methods="1" coveredmethods="1" conditionals="0" coveredconditionals="0"
                         statements="1" coveredstatements="1" elements="2" coveredelements="2"/>
            </class>
            <line num="12" type="method" name="getFacadeAccessor" visibility="protected" complexity="1" crap="1"
                  count="4"/>
            <line num="14" type="stmt" count="4"/>
            <metrics loc="17" ncloc="14" classes="1" methods="1" coveredmethods="1" conditionals="0"
                     coveredconditionals="0" statements="1" coveredstatements="1" elements="2" coveredelements="2"/>
        </file>
        <file name="/home/ebalo/Desktop/Projects/php/student-forum-full-backend/app/Facade/UserServiceFacade.php">
            <class name="App\Facade\UserServiceFacade" namespace="global">
                <metrics complexity="1" methods="1" coveredmethods="1" conditionals="0" coveredconditionals="0"
                         statements="1" coveredstatements="1" elements="2" coveredelements="2"/>
            </class>
            <line num="12" type="method" name="getFacadeAccessor" visibility="protected" complexity="1" crap="1"
                  count="13"/>
            <line num="14" type="stmt" count="13"/>
            <metrics loc="17" ncloc="14" classes="1" methods="1" coveredmethods="1" conditionals="0"
                     coveredconditionals="0" statements="1" coveredstatements="1" elements="2" coveredelements="2"/>
        </file>
        <file name="/home/ebalo/Desktop/Projects/php/student-forum-full-backend/app/Helpers/format.php">
            <line num="17" type="stmt" count="19"/>
            <line num="32" type="stmt" count="11"/>
            <line num="47" type="stmt" count="24"/>
            <line num="66" type="stmt" count="10"/>
            <line num="67" type="stmt" count="10"/>
            <line num="68" type="stmt" count="10"/>
            <line num="69" type="stmt" count="10"/>
            <line num="70" type="stmt" count="10"/>
            <line num="71" type="stmt" count="10"/>
            <line num="72" type="stmt" count="10"/>
            <line num="73" type="stmt" count="10"/>
            <line num="74" type="stmt" count="10"/>
            <line num="75" type="stmt" count="10"/>
            <line num="76" type="stmt" count="10"/>
            <line num="77" type="stmt" count="10"/>
            <line num="78" type="stmt" count="10"/>
            <line num="79" type="stmt" count="10"/>
            <metrics loc="82" ncloc="45" classes="0" methods="0" coveredmethods="0" conditionals="0"
                     coveredconditionals="0" statements="17" coveredstatements="17" elements="17" coveredelements="17"/>
        </file>
        <file name="/home/ebalo/Desktop/Projects/php/student-forum-full-backend/app/Helpers/pack_permissions.php">
            <line num="20" type="stmt" count="172"/>
            <line num="23" type="stmt" count="172"/>
            <line num="24" type="stmt" count="172"/>
            <line num="26" type="stmt" count="172"/>
            <line num="27" type="stmt" count="172"/>
            <line num="28" type="stmt" count="172"/>
            <line num="29" type="stmt" count="172"/>
            <line num="30" type="stmt" count="172"/>
            <line num="31" type="stmt" count="172"/>
            <line num="32" type="stmt" count="172"/>
            <line num="33" type="stmt" count="172"/>
            <line num="35" type="stmt" count="172"/>
            <line num="38" type="stmt" count="172"/>
            <metrics loc="41" ncloc="28" classes="0" methods="0" coveredmethods="0" conditionals="0"
                     coveredconditionals="0" statements="13" coveredstatements="13" elements="13" coveredelements="13"/>
        </file>
        <file
            name="/home/ebalo/Desktop/Projects/php/student-forum-full-backend/app/Http/Controllers/Api/EventController.php">
            <class name="App\Http\Controllers\Api\EventController" namespace="global">
                <metrics complexity="5" methods="2" coveredmethods="2" conditionals="0" coveredconditionals="0"
                         statements="69" coveredstatements="69" elements="71" coveredelements="71"/>
            </class>
            <line num="76" type="method" name="index" visibility="public" complexity="1" crap="1" count="3"/>
            <line num="81" type="stmt" count="3"/>
            <line num="82" type="stmt" count="3"/>
            <line num="83" type="stmt" count="3"/>
            <line num="84" type="stmt" count="3"/>
            <line num="85" type="stmt" count="3"/>
            <line num="86" type="stmt" count="3"/>
            <line num="87" type="stmt" count="3"/>
            <line num="88" type="stmt" count="3"/>
            <line num="89" type="stmt" count="3"/>
            <line num="90" type="stmt" count="3"/>
            <line num="91" type="stmt" count="3"/>
            <line num="92" type="stmt" count="3"/>
            <line num="93" type="stmt" count="3"/>
            <line num="94" type="stmt" count="3"/>
            <line num="95" type="stmt" count="3"/>
            <line num="96" type="stmt" count="3"/>
            <line num="97" type="stmt" count="3"/>
            <line num="98" type="stmt" count="3"/>
            <line num="99" type="stmt" count="3"/>
            <line num="100" type="stmt" count="3"/>
            <line num="101" type="stmt" count="3"/>
            <line num="102" type="stmt" count="3"/>
            <line num="103" type="stmt" count="3"/>
            <line num="104" type="stmt" count="3"/>
            <line num="105" type="stmt" count="3"/>
            <line num="106" type="stmt" count="3"/>
            <line num="107" type="stmt" count="3"/>
            <line num="108" type="stmt" count="3"/>
            <line num="109" type="stmt" count="3"/>
            <line num="110" type="stmt" count="3"/>
            <line num="176" type="method" name="reserve" visibility="public" complexity="4" crap="4" count="3"/>
            <line num="197" type="stmt" count="3"/>
            <line num="201" type="stmt" count="3"/>
            <line num="202" type="stmt" count="3"/>
            <line num="204" type="stmt" count="3"/>
            <line num="206" type="stmt" count="3"/>
            <line num="209" type="stmt" count="3"/>
            <line num="210" type="stmt" count="3"/>
            <line num="211" type="stmt" count="3"/>
            <line num="212" type="stmt" count="3"/>
            <line num="214" type="stmt" count="2"/>
            <line num="220" type="stmt" count="3"/>
            <line num="221" type="stmt" count="3"/>
            <line num="222" type="stmt" count="3"/>
            <line num="223" type="stmt" count="3"/>
            <line num="227" type="stmt" count="3"/>
            <line num="228" type="stmt" count="3"/>
            <line num="229" type="stmt" count="3"/>
            <line num="230" type="stmt" count="3"/>
            <line num="232" type="stmt" count="3"/>
            <line num="235" type="stmt" count="3"/>
            <line num="236" type="stmt" count="3"/>
            <line num="237" type="stmt" count="3"/>
            <line num="238" type="stmt" count="3"/>
            <line num="239" type="stmt" count="3"/>
            <line num="242" type="stmt" count="2"/>
            <line num="243" type="stmt" count="2"/>
            <line num="244" type="stmt" count="2"/>
            <line num="245" type="stmt" count="2"/>
            <line num="246" type="stmt" count="2"/>
            <line num="247" type="stmt" count="2"/>
            <line num="250" type="stmt" count="3"/>
            <line num="251" type="stmt" count="3"/>
            <line num="255" type="stmt" count="2"/>
            <line num="256" type="stmt" count="2"/>
            <line num="257" type="stmt" count="2"/>
            <line num="258" type="stmt" count="2"/>
            <line num="259" type="stmt" count="2"/>
            <line num="260" type="stmt" count="2"/>
            <line num="261" type="stmt" count="2"/>
            <metrics loc="264" ncloc="135" classes="1" methods="2" coveredmethods="2" conditionals="0"
                     coveredconditionals="0" statements="69" coveredstatements="69" elements="71" coveredelements="71"/>
        </file>
        <file
            name="/home/ebalo/Desktop/Projects/php/student-forum-full-backend/app/Http/Controllers/Api/UserController.php">
            <class name="App\Http\Controllers\Api\UserController" namespace="global">
                <metrics complexity="10" methods="5" coveredmethods="5" conditionals="0" coveredconditionals="0"
                         statements="22" coveredstatements="22" elements="27" coveredelements="27"/>
            </class>
            <line num="68" type="method" name="current" visibility="public" complexity="1" crap="1" count="5"/>
            <line num="73" type="stmt" count="5"/>
            <line num="127" type="method" name="login" visibility="public" complexity="5" crap="5" count="2"/>
            <line num="134" type="stmt" count="2"/>
            <line num="137" type="stmt" count="2"/>
            <line num="141" type="stmt" count="2"/>
            <line num="142" type="stmt" count="1"/>
            <line num="143" type="stmt" count="1"/>
            <line num="144" type="stmt" count="1"/>
            <line num="145" type="stmt" count="1"/>
            <line num="149" type="stmt" count="1"/>
            <line num="150" type="stmt" count="1"/>
            <line num="152" type="stmt" count="1"/>
            <line num="199" type="method" name="requestNewVerificationEmail" visibility="public" complexity="2" crap="2"
                  count="2"/>
            <line num="205" type="stmt" count="2"/>
            <line num="206" type="stmt" count="1"/>
            <line num="209" type="stmt" count="1"/>
            <line num="211" type="stmt" count="1"/>
            <line num="257" type="method" name="verifyEmail" visibility="public" complexity="1" crap="1" count="1"/>
            <line num="262" type="stmt" count="1"/>
            <line num="264" type="stmt" count="1"/>
            <line num="274" type="method" name="makeUserResponse" visibility="protected" complexity="1" crap="1"
                  count="6"/>
            <line num="278" type="stmt" count="6"/>
            <line num="279" type="stmt" count="6"/>
            <line num="280" type="stmt" count="6"/>
            <line num="281" type="stmt" count="6"/>
            <line num="282" type="stmt" count="6"/>
            <metrics loc="285" ncloc="94" classes="1" methods="5" coveredmethods="5" conditionals="0"
                     coveredconditionals="0" statements="22" coveredstatements="22" elements="27" coveredelements="27"/>
        </file>
        <file name="/home/ebalo/Desktop/Projects/php/student-forum-full-backend/app/Http/Controllers/Controller.php">
            <class name="App\Http\Controllers\Controller" namespace="global">
                <metrics complexity="0" methods="0" coveredmethods="0" conditionals="0" coveredconditionals="0"
                         statements="0" coveredstatements="0" elements="0" coveredelements="0"/>
            </class>
            <metrics loc="12" ncloc="12" classes="0" methods="0" coveredmethods="0" conditionals="0"
                     coveredconditionals="0" statements="0" coveredstatements="0" elements="0" coveredelements="0"/>
        </file>
        <file
            name="/home/ebalo/Desktop/Projects/php/student-forum-full-backend/app/Http/Controllers/PagesController.php">
            <class name="App\Http\Controllers\PagesController" namespace="global">
                <metrics complexity="2" methods="2" coveredmethods="2" conditionals="0" coveredconditionals="0"
                         statements="8" coveredstatements="8" elements="10" coveredelements="10"/>
            </class>
            <line num="13" type="method" name="emailVerificationRedirect" visibility="public" complexity="1" crap="1"
                  count="1"/>
            <line num="19" type="stmt" count="1"/>
            <line num="20" type="stmt" count="1"/>
            <line num="21" type="stmt" count="1"/>
            <line num="22" type="stmt" count="1"/>
            <line num="23" type="stmt" count="1"/>
            <line num="24" type="stmt" count="1"/>
            <line num="25" type="stmt" count="1"/>
            <line num="28" type="method" name="loginRedirect" visibility="public" complexity="1" crap="1" count="1"/>
            <line num="30" type="stmt" count="1"/>
            <metrics loc="33" ncloc="33" classes="1" methods="2" coveredmethods="2" conditionals="0"
                     coveredconditionals="0" statements="8" coveredstatements="8" elements="10" coveredelements="10"/>
        </file>
        <file name="/home/ebalo/Desktop/Projects/php/student-forum-full-backend/app/Http/Kernel.php">
            <class name="App\Http\Kernel" namespace="global">
                <metrics complexity="0" methods="0" coveredmethods="0" conditionals="0" coveredconditionals="0"
                         statements="0" coveredstatements="0" elements="0" coveredelements="0"/>
            </class>
            <metrics loc="89" ncloc="68" classes="0" methods="0" coveredmethods="0" conditionals="0"
                     coveredconditionals="0" statements="0" coveredstatements="0" elements="0" coveredelements="0"/>
        </file>
        <file name="/home/ebalo/Desktop/Projects/php/student-forum-full-backend/app/Http/Livewire/Dashboard/Index.php">
            <class name="App\Http\Livewire\Dashboard\Index" namespace="global">
                <metrics complexity="24" methods="14" coveredmethods="13" conditionals="0" coveredconditionals="0"
                         statements="66" coveredstatements="63" elements="80" coveredelements="76"/>
            </class>
            <line num="26" type="method" name="checkIfImporting" visibility="public" complexity="2" crap="2" count="1"/>
            <line num="28" type="stmt" count="1"/>
            <line num="29" type="stmt" count="1"/>
            <line num="30" type="stmt" count="1"/>
            <line num="31" type="stmt" count="1"/>
            <line num="32" type="stmt" count="1"/>
            <line num="33" type="stmt" count="1"/>
            <line num="48" type="method" name="getCardsDataProperty" visibility="public" complexity="1" crap="1"
                  count="1"/>
            <line num="50" type="stmt" count="1"/>
            <line num="51" type="stmt" count="1"/>
            <line num="52" type="stmt" count="1"/>
            <line num="53" type="stmt" count="1"/>
            <line num="54" type="stmt" count="1"/>
            <line num="55" type="stmt" count="1"/>
            <line num="56" type="stmt" count="1"/>
            <line num="57" type="stmt" count="1"/>
            <line num="58" type="stmt" count="1"/>
            <line num="59" type="stmt" count="1"/>
            <line num="60" type="stmt" count="1"/>
            <line num="61" type="stmt" count="1"/>
            <line num="62" type="stmt" count="1"/>
            <line num="63" type="stmt" count="1"/>
            <line num="64" type="stmt" count="1"/>
            <line num="65" type="stmt" count="1"/>
            <line num="66" type="stmt" count="1"/>
            <line num="67" type="stmt" count="1"/>
            <line num="68" type="stmt" count="1"/>
            <line num="69" type="stmt" count="1"/>
            <line num="70" type="stmt" count="1"/>
            <line num="71" type="stmt" count="1"/>
            <line num="72" type="stmt" count="1"/>
            <line num="73" type="stmt" count="1"/>
            <line num="74" type="stmt" count="1"/>
            <line num="75" type="stmt" count="1"/>
            <line num="76" type="stmt" count="1"/>
            <line num="77" type="stmt" count="1"/>
            <line num="78" type="stmt" count="1"/>
            <line num="79" type="stmt" count="1"/>
            <line num="80" type="stmt" count="1"/>
            <line num="88" type="method" name="getEventsDateRangeProperty" visibility="public" complexity="3" crap="3"
                  count="2"/>
            <line num="90" type="stmt" count="2"/>
            <line num="91" type="stmt" count="1"/>
            <line num="92" type="stmt" count="1"/>
            <line num="93" type="stmt" count="1"/>
            <line num="94" type="stmt" count="2"/>
            <line num="102" type="method" name="getEventsRegistrationRangeProperty" visibility="public" complexity="3"
                  crap="4.12" count="1"/>
            <line num="104" type="stmt" count="1"/>
            <line num="105" type="stmt" count="1"/>
            <line num="106" type="stmt" count="0"/>
            <line num="107" type="stmt" count="0"/>
            <line num="108" type="stmt" count="0"/>
            <line num="109" type="stmt" count="1"/>
            <line num="117" type="method" name="getImportErrorsProperty" visibility="public" complexity="1" crap="1"
                  count="1"/>
            <line num="119" type="stmt" count="1"/>
            <line num="127" type="method" name="getImportedUsersProperty" visibility="public" complexity="1" crap="1"
                  count="1"/>
            <line num="129" type="stmt" count="1"/>
            <line num="137" type="method" name="getIsImportingProperty" visibility="public" complexity="1" crap="1"
                  count="1"/>
            <line num="139" type="stmt" count="1"/>
            <line num="147" type="method" name="getRegistrationEnabledFromProperty" visibility="public" complexity="2"
                  crap="2" count="1"/>
            <line num="149" type="stmt" count="1"/>
            <line num="150" type="stmt" count="1"/>
            <line num="151" type="stmt" count="1"/>
            <line num="152" type="stmt" count="1"/>
            <line num="153" type="stmt" count="1"/>
            <line num="161" type="method" name="getRegistrationEnabledToProperty" visibility="public" complexity="2"
                  crap="2" count="1"/>
            <line num="163" type="stmt" count="1"/>
            <line num="164" type="stmt" count="1"/>
            <line num="165" type="stmt" count="1"/>
            <line num="166" type="stmt" count="1"/>
            <line num="167" type="stmt" count="1"/>
            <line num="175" type="method" name="getSiteNameProperty" visibility="public" complexity="1" crap="1"
                  count="1"/>
            <line num="177" type="stmt" count="1"/>
            <line num="185" type="method" name="redirectToEdit" visibility="public" complexity="1" crap="1" count="1"/>
            <line num="187" type="stmt" count="1"/>
            <line num="190" type="method" name="render" visibility="public" complexity="1" crap="1" count="6"/>
            <line num="192" type="stmt" count="6"/>
            <line num="202" type="method" name="shouldReactToImport" visibility="public" complexity="3" crap="3"
                  count="1"/>
            <line num="206" type="stmt" count="1"/>
            <line num="216" type="method" name="shouldSpanFullGrid" visibility="public" complexity="2" crap="2"
                  count="1"/>
            <line num="220" type="stmt" count="1"/>
            <metrics loc="223" ncloc="143" classes="1" methods="14" coveredmethods="13" conditionals="0"
                     coveredconditionals="0" statements="66" coveredstatements="63" elements="80" coveredelements="76"/>
        </file>
        <file
            name="/home/ebalo/Desktop/Projects/php/student-forum-full-backend/app/Http/Livewire/Event/Activities/Create.php">
            <class name="App\Http\Livewire\Event\Activities\Create" namespace="global">
                <metrics complexity="2" methods="2" coveredmethods="2" conditionals="0" coveredconditionals="0"
                         statements="2" coveredstatements="2" elements="4" coveredelements="4"/>
            </class>
            <line num="16" type="method" name="mount" visibility="public" complexity="1" crap="1" count="1"/>
            <line num="18" type="stmt" count="1"/>
            <line num="21" type="method" name="render" visibility="public" complexity="1" crap="1" count="1"/>
            <line num="23" type="stmt" count="1"/>
            <metrics loc="26" ncloc="26" classes="1" methods="2" coveredmethods="2" conditionals="0"
                     coveredconditionals="0" statements="2" coveredstatements="2" elements="4" coveredelements="4"/>
        </file>
        <file
            name="/home/ebalo/Desktop/Projects/php/student-forum-full-backend/app/Http/Livewire/Event/Activities/Edit.php">
            <class name="App\Http\Livewire\Event\Activities\Edit" namespace="global">
                <metrics complexity="1" methods="1" coveredmethods="1" conditionals="0" coveredconditionals="0"
                         statements="1" coveredstatements="1" elements="2" coveredelements="2"/>
            </class>
            <line num="16" type="method" name="render" visibility="public" complexity="1" crap="1" count="1"/>
            <line num="18" type="stmt" count="1"/>
            <metrics loc="21" ncloc="21" classes="1" methods="1" coveredmethods="1" conditionals="0"
                     coveredconditionals="0" statements="1" coveredstatements="1" elements="2" coveredelements="2"/>
        </file>
        <file
            name="/home/ebalo/Desktop/Projects/php/student-forum-full-backend/app/Http/Livewire/Event/Activities/Editor.php">
            <class name="App\Http\Livewire\Event\Activities\Editor" namespace="global">
                <metrics complexity="7" methods="5" coveredmethods="5" conditionals="0" coveredconditionals="0"
                         statements="27" coveredstatements="27" elements="32" coveredelements="32"/>
            </class>
            <line num="21" type="method" name="mount" visibility="public" complexity="1" crap="1" count="5"/>
            <line num="23" type="stmt" count="5"/>
            <line num="26" type="method" name="render" visibility="public" complexity="1" crap="1" count="5"/>
            <line num="28" type="stmt" count="5"/>
            <line num="31" type="method" name="resetForm" visibility="public" complexity="3" crap="3" count="5"/>
            <line num="33" type="stmt" count="5"/>
            <line num="35" type="stmt" count="5"/>
            <line num="36" type="stmt" count="5"/>
            <line num="39" type="method" name="rules" visibility="public" complexity="1" crap="1" count="5"/>
            <line num="41" type="stmt" count="5"/>
            <line num="42" type="stmt" count="5"/>
            <line num="43" type="stmt" count="5"/>
            <line num="44" type="stmt" count="5"/>
            <line num="45" type="stmt" count="5"/>
            <line num="46" type="stmt" count="5"/>
            <line num="47" type="stmt" count="5"/>
            <line num="50" type="method" name="save" visibility="public" complexity="1" crap="1" count="1"/>
            <line num="52" type="stmt" count="1"/>
            <line num="54" type="stmt" count="1"/>
            <line num="55" type="stmt" count="1"/>
            <line num="56" type="stmt" count="1"/>
            <line num="57" type="stmt" count="1"/>
            <line num="58" type="stmt" count="1"/>
            <line num="59" type="stmt" count="1"/>
            <line num="60" type="stmt" count="1"/>
            <line num="61" type="stmt" count="1"/>
            <line num="62" type="stmt" count="1"/>
            <line num="63" type="stmt" count="1"/>
            <line num="65" type="stmt" count="1"/>
            <line num="66" type="stmt" count="1"/>
            <line num="68" type="stmt" count="1"/>
            <line num="69" type="stmt" count="1"/>
            <metrics loc="72" ncloc="72" classes="1" methods="5" coveredmethods="5" conditionals="0"
                     coveredconditionals="0" statements="27" coveredstatements="27" elements="32" coveredelements="32"/>
        </file>
        <file
            name="/home/ebalo/Desktop/Projects/php/student-forum-full-backend/app/Http/Livewire/Event/Activities/Index.php">
            <class name="App\Http\Livewire\Event\Activities\Index" namespace="global">
                <metrics complexity="1" methods="1" coveredmethods="1" conditionals="0" coveredconditionals="0"
                         statements="1" coveredstatements="1" elements="2" coveredelements="2"/>
            </class>
            <line num="14" type="method" name="render" visibility="public" complexity="1" crap="1" count="1"/>
            <line num="16" type="stmt" count="1"/>
            <metrics loc="19" ncloc="19" classes="1" methods="1" coveredmethods="1" conditionals="0"
                     coveredconditionals="0" statements="1" coveredstatements="1" elements="2" coveredelements="2"/>
        </file>
        <file name="/home/ebalo/Desktop/Projects/php/student-forum-full-backend/app/Http/Livewire/Event/Days/Index.php">
            <class name="App\Http\Livewire\Event\Days\Index" namespace="global">
                <metrics complexity="1" methods="1" coveredmethods="1" conditionals="0" coveredconditionals="0"
                         statements="1" coveredstatements="1" elements="2" coveredelements="2"/>
            </class>
            <line num="11" type="method" name="render" visibility="public" complexity="1" crap="1" count="1"/>
            <line num="13" type="stmt" count="1"/>
            <metrics loc="16" ncloc="16" classes="1" methods="1" coveredmethods="1" conditionals="0"
                     coveredconditionals="0" statements="1" coveredstatements="1" elements="2" coveredelements="2"/>
        </file>
        <file
            name="/home/ebalo/Desktop/Projects/php/student-forum-full-backend/app/Http/Livewire/Event/Days/Settings.php">
            <class name="App\Http\Livewire\Event\Days\Settings" namespace="global">
                <metrics complexity="4" methods="4" coveredmethods="4" conditionals="0" coveredconditionals="0"
                         statements="12" coveredstatements="12" elements="16" coveredelements="16"/>
            </class>
            <line num="16" type="method" name="render" visibility="public" complexity="1" crap="1" count="4"/>
            <line num="18" type="stmt" count="4"/>
            <line num="21" type="method" name="resetForm" visibility="public" complexity="1" crap="1" count="1"/>
            <line num="23" type="stmt" count="1"/>
            <line num="26" type="method" name="rules" visibility="public" complexity="1" crap="1" count="4"/>
            <line num="28" type="stmt" count="4"/>
            <line num="29" type="stmt" count="4"/>
            <line num="30" type="stmt" count="4"/>
            <line num="31" type="stmt" count="4"/>
            <line num="34" type="method" name="save" visibility="public" complexity="1" crap="1" count="1"/>
            <line num="36" type="stmt" count="1"/>
            <line num="38" type="stmt" count="1"/>
            <line num="40" type="stmt" count="1"/>
            <line num="41" type="stmt" count="1"/>
            <line num="43" type="stmt" count="1"/>
            <line num="44" type="stmt" count="1"/>
            <metrics loc="47" ncloc="47" classes="1" methods="4" coveredmethods="4" conditionals="0"
                     coveredconditionals="0" statements="12" coveredstatements="12" elements="16" coveredelements="16"/>
        </file>
        <file name="/home/ebalo/Desktop/Projects/php/student-forum-full-backend/app/Http/Livewire/EventDaysTable.php">
            <class name="App\Http\Livewire\EventDaysTable" namespace="global">
                <metrics complexity="11" methods="6" coveredmethods="6" conditionals="0" coveredconditionals="0"
                         statements="239" coveredstatements="239" elements="245" coveredelements="245"/>
            </class>
            <line num="28" type="method" name="builder" visibility="public" complexity="1" crap="1" count="5"/>
            <line num="30" type="stmt" count="5"/>
            <line num="31" type="stmt" count="5"/>
            <line num="32" type="stmt" count="5"/>
            <line num="33" type="stmt" count="5"/>
            <line num="34" type="stmt" count="5"/>
            <line num="35" type="stmt" count="5"/>
            <line num="36" type="stmt" count="5"/>
            <line num="37" type="stmt" count="5"/>
            <line num="38" type="stmt" count="5"/>
            <line num="39" type="stmt" count="5"/>
            <line num="40" type="stmt" count="5"/>
            <line num="41" type="stmt" count="5"/>
            <line num="44" type="method" name="columns" visibility="public" complexity="2" crap="2" count="5"/>
            <line num="46" type="stmt" count="5"/>
            <line num="47" type="stmt" count="5"/>
            <line num="48" type="stmt" count="5"/>
            <line num="49" type="stmt" count="5"/>
            <line num="50" type="stmt" count="5"/>
            <line num="51" type="stmt" count="5"/>
            <line num="52" type="stmt" count="5"/>
            <line num="53" type="stmt" count="5"/>
            <line num="54" type="stmt" count="5"/>
            <line num="55" type="stmt" count="5"/>
            <line num="56" type="stmt" count="5"/>
            <line num="57" type="stmt" count="5"/>
            <line num="58" type="stmt" count="5"/>
            <line num="59" type="stmt" count="5"/>
            <line num="60" type="stmt" count="5"/>
            <line num="61" type="stmt" count="5"/>
            <line num="62" type="stmt" count="5"/>
            <line num="63" type="stmt" count="5"/>
            <line num="64" type="stmt" count="5"/>
            <line num="65" type="stmt" count="5"/>
            <line num="66" type="stmt" count="5"/>
            <line num="67" type="stmt" count="5"/>
            <line num="68" type="stmt" count="5"/>
            <line num="69" type="stmt" count="5"/>
            <line num="70" type="stmt" count="5"/>
            <line num="71" type="stmt" count="5"/>
            <line num="72" type="stmt" count="5"/>
            <line num="73" type="stmt" count="5"/>
            <line num="74" type="stmt" count="5"/>
            <line num="75" type="stmt" count="5"/>
            <line num="76" type="stmt" count="5"/>
            <line num="77" type="stmt" count="5"/>
            <line num="78" type="stmt" count="5"/>
            <line num="79" type="stmt" count="5"/>
            <line num="80" type="stmt" count="5"/>
            <line num="81" type="stmt" count="5"/>
            <line num="82" type="stmt" count="5"/>
            <line num="83" type="stmt" count="5"/>
            <line num="84" type="stmt" count="5"/>
            <line num="85" type="stmt" count="5"/>
            <line num="86" type="stmt" count="5"/>
            <line num="87" type="stmt" count="5"/>
            <line num="88" type="stmt" count="5"/>
            <line num="89" type="stmt" count="5"/>
            <line num="90" type="stmt" count="5"/>
            <line num="91" type="stmt" count="5"/>
            <line num="92" type="stmt" count="5"/>
            <line num="93" type="stmt" count="5"/>
            <line num="94" type="stmt" count="5"/>
            <line num="95" type="stmt" count="5"/>
            <line num="96" type="stmt" count="5"/>
            <line num="97" type="stmt" count="5"/>
            <line num="98" type="stmt" count="5"/>
            <line num="99" type="stmt" count="5"/>
            <line num="100" type="stmt" count="5"/>
            <line num="101" type="stmt" count="5"/>
            <line num="102" type="stmt" count="5"/>
            <line num="103" type="stmt" count="5"/>
            <line num="104" type="stmt" count="5"/>
            <line num="105" type="stmt" count="5"/>
            <line num="106" type="stmt" count="5"/>
            <line num="107" type="stmt" count="5"/>
            <line num="108" type="stmt" count="5"/>
            <line num="109" type="stmt" count="5"/>
            <line num="110" type="stmt" count="5"/>
            <line num="111" type="stmt" count="5"/>
            <line num="112" type="stmt" count="5"/>
            <line num="113" type="stmt" count="5"/>
            <line num="114" type="stmt" count="5"/>
            <line num="115" type="stmt" count="5"/>
            <line num="116" type="stmt" count="5"/>
            <line num="117" type="stmt" count="5"/>
            <line num="118" type="stmt" count="5"/>
            <line num="119" type="stmt" count="5"/>
            <line num="120" type="stmt" count="5"/>
            <line num="121" type="stmt" count="5"/>
            <line num="124" type="method" name="configure" visibility="public" complexity="1" crap="1" count="5"/>
            <line num="126" type="stmt" count="5"/>
            <line num="127" type="stmt" count="5"/>
            <line num="128" type="stmt" count="5"/>
            <line num="129" type="stmt" count="5"/>
            <line num="132" type="method" name="exportEventActivitiesData" visibility="public" complexity="3" crap="3"
                  count="2"/>
            <line num="134" type="stmt" count="2"/>
            <line num="135" type="stmt" count="2"/>
            <line num="138" type="stmt" count="2"/>
            <line num="140" type="stmt" count="2"/>
            <line num="141" type="stmt" count="2"/>
            <line num="142" type="stmt" count="2"/>
            <line num="143" type="stmt" count="2"/>
            <line num="144" type="stmt" count="2"/>
            <line num="145" type="stmt" count="2"/>
            <line num="146" type="stmt" count="2"/>
            <line num="147" type="stmt" count="2"/>
            <line num="148" type="stmt" count="2"/>
            <line num="149" type="stmt" count="2"/>
            <line num="150" type="stmt" count="2"/>
            <line num="151" type="stmt" count="2"/>
            <line num="152" type="stmt" count="2"/>
            <line num="153" type="stmt" count="2"/>
            <line num="154" type="stmt" count="2"/>
            <line num="155" type="stmt" count="2"/>
            <line num="156" type="stmt" count="2"/>
            <line num="157" type="stmt" count="2"/>
            <line num="158" type="stmt" count="2"/>
            <line num="159" type="stmt" count="2"/>
            <line num="160" type="stmt" count="2"/>
            <line num="161" type="stmt" count="2"/>
            <line num="162" type="stmt" count="2"/>
            <line num="163" type="stmt" count="2"/>
            <line num="164" type="stmt" count="2"/>
            <line num="165" type="stmt" count="2"/>
            <line num="166" type="stmt" count="2"/>
            <line num="167" type="stmt" count="2"/>
            <line num="168" type="stmt" count="2"/>
            <line num="169" type="stmt" count="2"/>
            <line num="171" type="stmt" count="2"/>
            <line num="173" type="stmt" count="2"/>
            <line num="174" type="stmt" count="2"/>
            <line num="175" type="stmt" count="2"/>
            <line num="176" type="stmt" count="2"/>
            <line num="177" type="stmt" count="2"/>
            <line num="178" type="stmt" count="2"/>
            <line num="179" type="stmt" count="2"/>
            <line num="180" type="stmt" count="2"/>
            <line num="181" type="stmt" count="2"/>
            <line num="182" type="stmt" count="2"/>
            <line num="183" type="stmt" count="2"/>
            <line num="184" type="stmt" count="2"/>
            <line num="187" type="stmt" count="2"/>
            <line num="188" type="stmt" count="2"/>
            <line num="190" type="stmt" count="2"/>
            <line num="192" type="stmt" count="2"/>
            <line num="195" type="method" name="exportEventData" visibility="public" complexity="1" crap="1" count="2"/>
            <line num="197" type="stmt" count="2"/>
            <line num="198" type="stmt" count="2"/>
            <line num="201" type="stmt" count="2"/>
            <line num="202" type="stmt" count="2"/>
            <line num="203" type="stmt" count="2"/>
            <line num="204" type="stmt" count="2"/>
            <line num="205" type="stmt" count="2"/>
            <line num="206" type="stmt" count="2"/>
            <line num="207" type="stmt" count="2"/>
            <line num="208" type="stmt" count="2"/>
            <line num="209" type="stmt" count="2"/>
            <line num="210" type="stmt" count="2"/>
            <line num="211" type="stmt" count="2"/>
            <line num="212" type="stmt" count="2"/>
            <line num="213" type="stmt" count="2"/>
            <line num="214" type="stmt" count="2"/>
            <line num="215" type="stmt" count="2"/>
            <line num="216" type="stmt" count="2"/>
            <line num="217" type="stmt" count="2"/>
            <line num="218" type="stmt" count="2"/>
            <line num="219" type="stmt" count="2"/>
            <line num="220" type="stmt" count="2"/>
            <line num="221" type="stmt" count="2"/>
            <line num="222" type="stmt" count="2"/>
            <line num="223" type="stmt" count="2"/>
            <line num="224" type="stmt" count="2"/>
            <line num="225" type="stmt" count="2"/>
            <line num="226" type="stmt" count="2"/>
            <line num="227" type="stmt" count="2"/>
            <line num="228" type="stmt" count="2"/>
            <line num="229" type="stmt" count="2"/>
            <line num="230" type="stmt" count="2"/>
            <line num="231" type="stmt" count="2"/>
            <line num="232" type="stmt" count="2"/>
            <line num="234" type="stmt" count="2"/>
            <line num="236" type="stmt" count="2"/>
            <line num="239" type="method" name="exportReservations" visibility="public" complexity="3" crap="3"
                  count="2"/>
            <line num="241" type="stmt" count="2"/>
            <line num="242" type="stmt" count="2"/>
            <line num="245" type="stmt" count="2"/>
            <line num="247" type="stmt" count="2"/>
            <line num="248" type="stmt" count="2"/>
            <line num="249" type="stmt" count="2"/>
            <line num="250" type="stmt" count="2"/>
            <line num="251" type="stmt" count="2"/>
            <line num="252" type="stmt" count="2"/>
            <line num="253" type="stmt" count="2"/>
            <line num="254" type="stmt" count="2"/>
            <line num="255" type="stmt" count="2"/>
            <line num="256" type="stmt" count="2"/>
            <line num="257" type="stmt" count="2"/>
            <line num="258" type="stmt" count="2"/>
            <line num="259" type="stmt" count="2"/>
            <line num="260" type="stmt" count="2"/>
            <line num="261" type="stmt" count="2"/>
            <line num="262" type="stmt" count="2"/>
            <line num="263" type="stmt" count="2"/>
            <line num="264" type="stmt" count="2"/>
            <line num="265" type="stmt" count="2"/>
            <line num="266" type="stmt" count="2"/>
            <line num="267" type="stmt" count="2"/>
            <line num="268" type="stmt" count="2"/>
            <line num="269" type="stmt" count="2"/>
            <line num="270" type="stmt" count="2"/>
            <line num="271" type="stmt" count="2"/>
            <line num="272" type="stmt" count="2"/>
            <line num="273" type="stmt" count="2"/>
            <line num="274" type="stmt" count="2"/>
            <line num="275" type="stmt" count="2"/>
            <line num="276" type="stmt" count="2"/>
            <line num="277" type="stmt" count="2"/>
            <line num="278" type="stmt" count="2"/>
            <line num="279" type="stmt" count="2"/>
            <line num="280" type="stmt" count="2"/>
            <line num="281" type="stmt" count="2"/>
            <line num="282" type="stmt" count="2"/>
            <line num="283" type="stmt" count="2"/>
            <line num="285" type="stmt" count="2"/>
            <line num="287" type="stmt" count="2"/>
            <line num="288" type="stmt" count="2"/>
            <line num="289" type="stmt" count="2"/>
            <line num="290" type="stmt" count="2"/>
            <line num="291" type="stmt" count="2"/>
            <line num="292" type="stmt" count="2"/>
            <line num="293" type="stmt" count="2"/>
            <line num="294" type="stmt" count="2"/>
            <line num="295" type="stmt" count="2"/>
            <line num="296" type="stmt" count="2"/>
            <line num="297" type="stmt" count="2"/>
            <line num="298" type="stmt" count="2"/>
            <line num="299" type="stmt" count="2"/>
            <line num="300" type="stmt" count="2"/>
            <line num="301" type="stmt" count="2"/>
            <line num="302" type="stmt" count="2"/>
            <line num="305" type="stmt" count="2"/>
            <line num="306" type="stmt" count="2"/>
            <line num="308" type="stmt" count="2"/>
            <line num="310" type="stmt" count="2"/>
            <metrics loc="313" ncloc="306" classes="1" methods="6" coveredmethods="6" conditionals="0"
                     coveredconditionals="0" statements="239" coveredstatements="239" elements="245"
                     coveredelements="245"/>
        </file>
        <file
            name="/home/ebalo/Desktop/Projects/php/student-forum-full-backend/app/Http/Livewire/SelectedEventActivitiesTable.php">
            <class name="App\Http\Livewire\SelectedEventActivitiesTable" namespace="global">
                <metrics complexity="10" methods="6" coveredmethods="6" conditionals="0" coveredconditionals="0"
                         statements="207" coveredstatements="207" elements="213" coveredelements="213"/>
            </class>
            <line num="31" type="method" name="builder" visibility="public" complexity="1" crap="1" count="7"/>
            <line num="33" type="stmt" count="7"/>
            <line num="34" type="stmt" count="7"/>
            <line num="35" type="stmt" count="7"/>
            <line num="36" type="stmt" count="7"/>
            <line num="37" type="stmt" count="7"/>
            <line num="40" type="method" name="columns" visibility="public" complexity="1" crap="1" count="4"/>
            <line num="42" type="stmt" count="4"/>
            <line num="43" type="stmt" count="4"/>
            <line num="44" type="stmt" count="4"/>
            <line num="45" type="stmt" count="4"/>
            <line num="46" type="stmt" count="4"/>
            <line num="47" type="stmt" count="4"/>
            <line num="48" type="stmt" count="4"/>
            <line num="49" type="stmt" count="4"/>
            <line num="50" type="stmt" count="4"/>
            <line num="51" type="stmt" count="4"/>
            <line num="52" type="stmt" count="4"/>
            <line num="53" type="stmt" count="4"/>
            <line num="54" type="stmt" count="4"/>
            <line num="55" type="stmt" count="4"/>
            <line num="56" type="stmt" count="4"/>
            <line num="57" type="stmt" count="4"/>
            <line num="58" type="stmt" count="4"/>
            <line num="59" type="stmt" count="4"/>
            <line num="60" type="stmt" count="4"/>
            <line num="61" type="stmt" count="4"/>
            <line num="62" type="stmt" count="4"/>
            <line num="63" type="stmt" count="4"/>
            <line num="64" type="stmt" count="4"/>
            <line num="65" type="stmt" count="4"/>
            <line num="66" type="stmt" count="4"/>
            <line num="67" type="stmt" count="4"/>
            <line num="68" type="stmt" count="4"/>
            <line num="69" type="stmt" count="4"/>
            <line num="70" type="stmt" count="4"/>
            <line num="71" type="stmt" count="4"/>
            <line num="72" type="stmt" count="4"/>
            <line num="73" type="stmt" count="4"/>
            <line num="74" type="stmt" count="4"/>
            <line num="75" type="stmt" count="4"/>
            <line num="76" type="stmt" count="4"/>
            <line num="77" type="stmt" count="4"/>
            <line num="78" type="stmt" count="4"/>
            <line num="79" type="stmt" count="4"/>
            <line num="80" type="stmt" count="4"/>
            <line num="81" type="stmt" count="4"/>
            <line num="82" type="stmt" count="4"/>
            <line num="83" type="stmt" count="4"/>
            <line num="84" type="stmt" count="4"/>
            <line num="85" type="stmt" count="4"/>
            <line num="86" type="stmt" count="4"/>
            <line num="87" type="stmt" count="4"/>
            <line num="88" type="stmt" count="4"/>
            <line num="89" type="stmt" count="4"/>
            <line num="90" type="stmt" count="4"/>
            <line num="91" type="stmt" count="4"/>
            <line num="92" type="stmt" count="4"/>
            <line num="93" type="stmt" count="4"/>
            <line num="94" type="stmt" count="4"/>
            <line num="95" type="stmt" count="4"/>
            <line num="96" type="stmt" count="4"/>
            <line num="97" type="stmt" count="4"/>
            <line num="98" type="stmt" count="4"/>
            <line num="99" type="stmt" count="4"/>
            <line num="100" type="stmt" count="4"/>
            <line num="101" type="stmt" count="4"/>
            <line num="102" type="stmt" count="4"/>
            <line num="103" type="stmt" count="4"/>
            <line num="104" type="stmt" count="4"/>
            <line num="107" type="method" name="configure" visibility="public" complexity="1" crap="1" count="4"/>
            <line num="109" type="stmt" count="4"/>
            <line num="110" type="stmt" count="4"/>
            <line num="111" type="stmt" count="4"/>
            <line num="112" type="stmt" count="4"/>
            <line num="113" type="stmt" count="4"/>
            <line num="114" type="stmt" count="4"/>
            <line num="115" type="stmt" count="4"/>
            <line num="116" type="stmt" count="4"/>
            <line num="117" type="stmt" count="4"/>
            <line num="118" type="stmt" count="4"/>
            <line num="119" type="stmt" count="4"/>
            <line num="120" type="stmt" count="4"/>
            <line num="121" type="stmt" count="4"/>
            <line num="122" type="stmt" count="4"/>
            <line num="123" type="stmt" count="4"/>
            <line num="124" type="stmt" count="4"/>
            <line num="125" type="stmt" count="4"/>
            <line num="128" type="method" name="filters" visibility="public" complexity="3" crap="3" count="7"/>
            <line num="130" type="stmt" count="7"/>
            <line num="131" type="stmt" count="7"/>
            <line num="132" type="stmt" count="7"/>
            <line num="133" type="stmt" count="7"/>
            <line num="134" type="stmt" count="7"/>
            <line num="135" type="stmt" count="7"/>
            <line num="136" type="stmt" count="7"/>
            <line num="137" type="stmt" count="7"/>
            <line num="138" type="stmt" count="7"/>
            <line num="139" type="stmt" count="7"/>
            <line num="140" type="stmt" count="7"/>
            <line num="142" type="stmt" count="2"/>
            <line num="143" type="stmt" count="1"/>
            <line num="144" type="stmt" count="1"/>
            <line num="145" type="stmt" count="1"/>
            <line num="146" type="stmt" count="1"/>
            <line num="147" type="stmt" count="1"/>
            <line num="149" type="stmt" count="7"/>
            <line num="150" type="stmt" count="7"/>
            <line num="151" type="stmt" count="7"/>
            <line num="154" type="method" name="exportFullActivity" visibility="public" complexity="1" crap="1"
                  count="2"/>
            <line num="156" type="stmt" count="2"/>
            <line num="157" type="stmt" count="2"/>
            <line num="160" type="stmt" count="2"/>
            <line num="161" type="stmt" count="2"/>
            <line num="162" type="stmt" count="2"/>
            <line num="163" type="stmt" count="2"/>
            <line num="164" type="stmt" count="2"/>
            <line num="165" type="stmt" count="2"/>
            <line num="166" type="stmt" count="2"/>
            <line num="167" type="stmt" count="2"/>
            <line num="168" type="stmt" count="2"/>
            <line num="169" type="stmt" count="2"/>
            <line num="170" type="stmt" count="2"/>
            <line num="171" type="stmt" count="2"/>
            <line num="172" type="stmt" count="2"/>
            <line num="173" type="stmt" count="2"/>
            <line num="174" type="stmt" count="2"/>
            <line num="175" type="stmt" count="2"/>
            <line num="176" type="stmt" count="2"/>
            <line num="177" type="stmt" count="2"/>
            <line num="178" type="stmt" count="2"/>
            <line num="179" type="stmt" count="2"/>
            <line num="180" type="stmt" count="2"/>
            <line num="181" type="stmt" count="2"/>
            <line num="182" type="stmt" count="2"/>
            <line num="183" type="stmt" count="2"/>
            <line num="184" type="stmt" count="2"/>
            <line num="185" type="stmt" count="2"/>
[...]
            <line num="43" type="stmt" count="11"/>
            <line num="55" type="method" name="createMinimal" visibility="public" complexity="1" crap="1" count="12"/>
            <line num="61" type="stmt" count="12"/>
            <line num="62" type="stmt" count="12"/>
            <line num="63" type="stmt" count="12"/>
            <line num="64" type="stmt" count="12"/>
            <line num="65" type="stmt" count="12"/>
            <line num="66" type="stmt" count="12"/>
            <line num="67" type="stmt" count="12"/>
            <line num="68" type="stmt" count="12"/>
            <line num="80" type="method" name="generatePassword" visibility="public" complexity="2" crap="2" count="7"/>
            <line num="86" type="stmt" count="7"/>
            <line num="87" type="stmt" count="7"/>
            <line num="88" type="stmt" count="7"/>
            <line num="89" type="stmt" count="7"/>
            <line num="91" type="stmt" count="7"/>
            <line num="92" type="stmt" count="7"/>
            <line num="93" type="stmt" count="7"/>
            <line num="94" type="stmt" count="7"/>
            <line num="95" type="stmt" count="7"/>
            <line num="96" type="stmt" count="7"/>
            <line num="97" type="stmt" count="7"/>
            <line num="98" type="stmt" count="7"/>
            <line num="99" type="stmt" count="7"/>
            <line num="100" type="stmt" count="7"/>
            <line num="101" type="stmt" count="7"/>
            <line num="102" type="stmt" count="7"/>
            <line num="103" type="stmt" count="7"/>
            <line num="104" type="stmt" count="7"/>
            <line num="105" type="stmt" count="7"/>
            <line num="106" type="stmt" count="7"/>
            <line num="107" type="stmt" count="7"/>
            <line num="108" type="stmt" count="7"/>
            <line num="109" type="stmt" count="7"/>
            <line num="110" type="stmt" count="7"/>
            <line num="111" type="stmt" count="7"/>
            <line num="112" type="stmt" count="7"/>
            <line num="113" type="stmt" count="7"/>
            <line num="114" type="stmt" count="7"/>
            <line num="115" type="stmt" count="7"/>
            <line num="116" type="stmt" count="7"/>
            <line num="117" type="stmt" count="7"/>
            <line num="118" type="stmt" count="7"/>
            <line num="119" type="stmt" count="7"/>
            <line num="120" type="stmt" count="7"/>
            <line num="121" type="stmt" count="7"/>
            <line num="122" type="stmt" count="7"/>
            <line num="123" type="stmt" count="7"/>
            <line num="124" type="stmt" count="7"/>
            <line num="125" type="stmt" count="7"/>
            <line num="126" type="stmt" count="7"/>
            <line num="127" type="stmt" count="7"/>
            <line num="130" type="stmt" count="7"/>
            <line num="140" type="method" name="getFrontEndAccessToken" visibility="public" complexity="2" crap="2"
                  count="9"/>
            <line num="145" type="stmt" count="9"/>
            <line num="147" type="stmt" count="8"/>
            <line num="151" type="stmt" count="9"/>
            <line num="152" type="stmt" count="9"/>
            <line num="153" type="stmt" count="9"/>
            <line num="154" type="stmt" count="9"/>
            <line num="155" type="stmt" count="9"/>
            <line num="156" type="stmt" count="9"/>
            <line num="160" type="stmt" count="9"/>
            <line num="161" type="stmt" count="9"/>
            <line num="162" type="stmt" count="9"/>
            <line num="164" type="stmt" count="9"/>
            <line num="174" type="method" name="maskEmail" visibility="public" complexity="1" crap="1" count="9"/>
            <line num="178" type="stmt" count="9"/>
            <line num="179" type="stmt" count="9"/>
            <line num="180" type="stmt" count="9"/>
            <line num="181" type="stmt" count="9"/>
            <line num="182" type="stmt" count="9"/>
            <line num="185" type="method" name="__construct" visibility="public" complexity="1" crap="1" count="29"/>
            <line num="188" type="stmt" count="29"/>
            <metrics loc="190" ncloc="142" classes="1" methods="6" coveredmethods="6" conditionals="0"
                     coveredconditionals="0" statements="75" coveredstatements="75" elements="81" coveredelements="81"/>
        </file>
        <file name="/home/ebalo/Desktop/Projects/php/student-forum-full-backend/app/Settings/GeneralSettings.php">
            <class name="App\Settings\GeneralSettings" namespace="global">
                <metrics complexity="1" methods="1" coveredmethods="1" conditionals="0" coveredconditionals="0"
                         statements="1" coveredstatements="1" elements="2" coveredelements="2"/>
            </class>
            <line num="20" type="method" name="group" visibility="public" complexity="1" crap="1" count="28"/>
            <line num="22" type="stmt" count="28"/>
            <metrics loc="25" ncloc="24" classes="1" methods="1" coveredmethods="1" conditionals="0"
                     coveredconditionals="0" statements="1" coveredstatements="1" elements="2" coveredelements="2"/>
        </file>
        <file
            name="/home/ebalo/Desktop/Projects/php/student-forum-full-backend/app/Settings/PasswordGenerationSettings.php">
            <class name="App\Settings\PasswordGenerationSettings" namespace="global">
                <metrics complexity="1" methods="1" coveredmethods="1" conditionals="0" coveredconditionals="0"
                         statements="1" coveredstatements="1" elements="2" coveredelements="2"/>
            </class>
            <line num="14" type="method" name="group" visibility="public" complexity="1" crap="1" count="9"/>
            <line num="16" type="stmt" count="9"/>
            <metrics loc="19" ncloc="16" classes="1" methods="1" coveredmethods="1" conditionals="0"
                     coveredconditionals="0" statements="1" coveredstatements="1" elements="2" coveredelements="2"/>
        </file>
        <file name="/home/ebalo/Desktop/Projects/php/student-forum-full-backend/app/Support/NavigationRegistry.php">
            <class name="App\Support\NavigationRegistry" namespace="global">
                <metrics complexity="4" methods="3" coveredmethods="3" conditionals="0" coveredconditionals="0"
                         statements="9" coveredstatements="9" elements="12" coveredelements="12"/>
            </class>
            <line num="14" type="method" name="get" visibility="public" complexity="1" crap="1" count="1"/>
            <line num="16" type="stmt" count="1"/>
            <line num="26" type="method" name="push" visibility="public" complexity="1" crap="1" count="172"/>
            <line num="30" type="stmt" count="172"/>
            <line num="31" type="stmt" count="172"/>
            <line num="32" type="stmt" count="172"/>
            <line num="33" type="stmt" count="172"/>
            <line num="43" type="method" name="pushMany" visibility="public" complexity="2" crap="2" count="172"/>
            <line num="47" type="stmt" count="172"/>
            <line num="48" type="stmt" count="172"/>
            <line num="49" type="stmt" count="172"/>
            <line num="50" type="stmt" count="172"/>
            <metrics loc="54" ncloc="35" classes="1" methods="3" coveredmethods="3" conditionals="0"
                     coveredconditionals="0" statements="9" coveredstatements="9" elements="12" coveredelements="12"/>
        </file>
        <file name="/home/ebalo/Desktop/Projects/php/student-forum-full-backend/app/Support/Registry.php">
            <class name="App\Support\Registry" namespace="global">
                <metrics complexity="5" methods="5" coveredmethods="2" conditionals="0" coveredconditionals="0"
                         statements="8" coveredstatements="2" elements="13" coveredelements="4"/>
            </class>
            <line num="19" type="method" name="get" visibility="public" complexity="1" crap="1" count="1"/>
            <line num="23" type="stmt" count="1"/>
            <line num="33" type="method" name="pop" visibility="public" complexity="1" crap="2" count="0"/>
            <line num="37" type="stmt" count="0"/>
            <line num="48" type="method" name="push" visibility="public" complexity="1" crap="1" count="172"/>
            <line num="53" type="stmt" count="172"/>
            <line num="63" type="method" name="shift" visibility="public" complexity="1" crap="2" count="0"/>
            <line num="67" type="stmt" count="0"/>
            <line num="78" type="method" name="walk" visibility="public" complexity="1" crap="2" count="0"/>
            <line num="83" type="stmt" count="0"/>
            <line num="84" type="stmt" count="0"/>
            <line num="85" type="stmt" count="0"/>
            <line num="86" type="stmt" count="0"/>
            <metrics loc="89" ncloc="52" classes="1" methods="5" coveredmethods="2" conditionals="0"
                     coveredconditionals="0" statements="8" coveredstatements="2" elements="13" coveredelements="4"/>
        </file>
        <file
            name="/home/ebalo/Desktop/Projects/php/student-forum-full-backend/app/Transformers/ActivityTransformer.php">
            <class name="App\Transformers\ActivityTransformer" namespace="global">
                <metrics complexity="3" methods="3" coveredmethods="3" conditionals="0" coveredconditionals="0"
                         statements="22" coveredstatements="22" elements="25" coveredelements="25"/>
            </class>
            <line num="39" type="method" name="includeEvent" visibility="public" complexity="1" crap="1" count="1"/>
            <line num="43" type="stmt" count="1"/>
            <line num="44" type="stmt" count="1"/>
            <line num="45" type="stmt" count="1"/>
            <line num="46" type="stmt" count="1"/>
            <line num="47" type="stmt" count="1"/>
            <line num="57" type="method" name="includeReservations" visibility="public" complexity="1" crap="1"
                  count="2"/>
            <line num="61" type="stmt" count="2"/>
            <line num="62" type="stmt" count="2"/>
            <line num="63" type="stmt" count="2"/>
            <line num="64" type="stmt" count="2"/>
            <line num="65" type="stmt" count="1"/>
            <line num="66" type="stmt" count="1"/>
            <line num="67" type="stmt" count="1"/>
            <line num="68" type="stmt" count="1"/>
            <line num="69" type="stmt" count="1"/>
            <line num="79" type="method" name="transform" visibility="public" complexity="1" crap="1" count="2"/>
            <line num="83" type="stmt" count="2"/>
            <line num="84" type="stmt" count="2"/>
            <line num="85" type="stmt" count="2"/>
            <line num="86" type="stmt" count="2"/>
            <line num="87" type="stmt" count="2"/>
            <line num="88" type="stmt" count="2"/>
            <line num="89" type="stmt" count="2"/>
            <line num="90" type="stmt" count="2"/>
            <metrics loc="93" ncloc="62" classes="1" methods="3" coveredmethods="3" conditionals="0"
                     coveredconditionals="0" statements="22" coveredstatements="22" elements="25" coveredelements="25"/>
        </file>
        <file name="/home/ebalo/Desktop/Projects/php/student-forum-full-backend/app/Transformers/EventTransformer.php">
            <class name="App\Transformers\EventTransformer" namespace="global">
                <metrics complexity="3" methods="3" coveredmethods="3" conditionals="0" coveredconditionals="0"
                         statements="20" coveredstatements="20" elements="23" coveredelements="23"/>
            </class>
            <line num="36" type="method" name="includeActivities" visibility="public" complexity="1" crap="1"
                  count="2"/>
            <line num="40" type="stmt" count="2"/>
            <line num="41" type="stmt" count="2"/>
            <line num="42" type="stmt" count="2"/>
            <line num="43" type="stmt" count="2"/>
            <line num="44" type="stmt" count="2"/>
            <line num="54" type="method" name="includeReservations" visibility="public" complexity="1" crap="1"
                  count="3"/>
            <line num="58" type="stmt" count="3"/>
            <line num="59" type="stmt" count="3"/>
            <line num="60" type="stmt" count="3"/>
            <line num="61" type="stmt" count="3"/>
            <line num="63" type="stmt" count="2"/>
            <line num="64" type="stmt" count="2"/>
            <line num="65" type="stmt" count="2"/>
            <line num="66" type="stmt" count="2"/>
            <line num="67" type="stmt" count="2"/>
            <line num="77" type="method" name="transform" visibility="public" complexity="1" crap="1" count="4"/>
            <line num="81" type="stmt" count="4"/>
            <line num="82" type="stmt" count="4"/>
            <line num="83" type="stmt" count="4"/>
            <line num="84" type="stmt" count="4"/>
            <line num="85" type="stmt" count="4"/>
            <line num="86" type="stmt" count="4"/>
            <metrics loc="89" ncloc="58" classes="1" methods="3" coveredmethods="3" conditionals="0"
                     coveredconditionals="0" statements="20" coveredstatements="20" elements="23" coveredelements="23"/>
        </file>
        <file name="/home/ebalo/Desktop/Projects/php/student-forum-full-backend/app/Transformers/NullTransformer.php">
            <class name="App\Transformers\NullTransformer" namespace="global">
                <metrics complexity="1" methods="1" coveredmethods="1" conditionals="0" coveredconditionals="0"
                         statements="1" coveredstatements="1" elements="2" coveredelements="2"/>
            </class>
            <line num="32" type="method" name="transform" visibility="public" complexity="1" crap="1" count="1"/>
            <line num="36" type="stmt" count="1"/>
            <metrics loc="39" ncloc="22" classes="1" methods="1" coveredmethods="1" conditionals="0"
                     coveredconditionals="0" statements="1" coveredstatements="1" elements="2" coveredelements="2"/>
        </file>
        <file
            name="/home/ebalo/Desktop/Projects/php/student-forum-full-backend/app/Transformers/ReservationTransformer.php">
            <class name="App\Transformers\ReservationTransformer" namespace="global">
                <metrics complexity="4" methods="4" coveredmethods="4" conditionals="0" coveredconditionals="0"
                         statements="21" coveredstatements="21" elements="25" coveredelements="25"/>
            </class>
            <line num="36" type="method" name="includeActivity" visibility="public" complexity="1" crap="1" count="1"/>
            <line num="40" type="stmt" count="1"/>
            <line num="41" type="stmt" count="1"/>
            <line num="42" type="stmt" count="1"/>
            <line num="43" type="stmt" count="1"/>
            <line num="44" type="stmt" count="1"/>
            <line num="54" type="method" name="includeEvent" visibility="public" complexity="1" crap="1" count="1"/>
            <line num="58" type="stmt" count="1"/>
            <line num="59" type="stmt" count="1"/>
            <line num="60" type="stmt" count="1"/>
            <line num="61" type="stmt" count="1"/>
            <line num="62" type="stmt" count="1"/>
            <line num="72" type="method" name="includeUser" visibility="public" complexity="1" crap="1" count="1"/>
            <line num="76" type="stmt" count="1"/>
            <line num="77" type="stmt" count="1"/>
            <line num="78" type="stmt" count="1"/>
            <line num="79" type="stmt" count="1"/>
            <line num="80" type="stmt" count="1"/>
            <line num="90" type="method" name="transform" visibility="public" complexity="1" crap="1" count="4"/>
            <line num="94" type="stmt" count="4"/>
            <line num="95" type="stmt" count="4"/>
            <line num="96" type="stmt" count="4"/>
            <line num="97" type="stmt" count="4"/>
            <line num="98" type="stmt" count="4"/>
            <line num="99" type="stmt" count="4"/>
            <metrics loc="102" ncloc="64" classes="1" methods="4" coveredmethods="4" conditionals="0"
                     coveredconditionals="0" statements="21" coveredstatements="21" elements="25" coveredelements="25"/>
        </file>
        <file name="/home/ebalo/Desktop/Projects/php/student-forum-full-backend/app/Transformers/UserTransformer.php">
            <class name="App\Transformers\UserTransformer" namespace="global">
                <metrics complexity="3" methods="2" coveredmethods="2" conditionals="0" coveredconditionals="0"
                         statements="12" coveredstatements="12" elements="14" coveredelements="14"/>
            </class>
            <line num="35" type="method" name="includeReservations" visibility="public" complexity="1" crap="1"
                  count="3"/>
            <line num="39" type="stmt" count="3"/>
            <line num="40" type="stmt" count="3"/>
            <line num="41" type="stmt" count="3"/>
            <line num="42" type="stmt" count="3"/>
            <line num="43" type="stmt" count="3"/>
            <line num="53" type="method" name="transform" visibility="public" complexity="2" crap="2" count="9"/>
            <line num="57" type="stmt" count="9"/>
            <line num="58" type="stmt" count="9"/>
            <line num="59" type="stmt" count="9"/>
            <line num="60" type="stmt" count="9"/>
            <line num="61" type="stmt" count="9"/>
            <line num="62" type="stmt" count="9"/>
            <line num="63" type="stmt" count="9"/>
            <metrics loc="66" ncloc="42" classes="1" methods="2" coveredmethods="2" conditionals="0"
                     coveredconditionals="0" statements="12" coveredstatements="12" elements="14" coveredelements="14"/>
        </file>
        <file name="/home/ebalo/Desktop/Projects/php/student-forum-full-backend/app/View/Components/AppLayout.php">
            <class name="App\View\Components\AppLayout" namespace="global">
                <metrics complexity="1" methods="1" coveredmethods="1" conditionals="0" coveredconditionals="0"
                         statements="1" coveredstatements="1" elements="2" coveredelements="2"/>
            </class>
            <line num="14" type="method" name="render" visibility="public" complexity="1" crap="1" count="1"/>
            <line num="16" type="stmt" count="1"/>
            <metrics loc="19" ncloc="16" classes="1" methods="1" coveredmethods="1" conditionals="0"
                     coveredconditionals="0" statements="1" coveredstatements="1" elements="2" coveredelements="2"/>
        </file>
        <file name="/home/ebalo/Desktop/Projects/php/student-forum-full-backend/app/View/Components/GuestLayout.php">
            <class name="App\View\Components\GuestLayout" namespace="global">
                <metrics complexity="1" methods="1" coveredmethods="1" conditionals="0" coveredconditionals="0"
                         statements="1" coveredstatements="1" elements="2" coveredelements="2"/>
            </class>
            <line num="12" type="method" name="render" visibility="public" complexity="1" crap="1" count="4"/>
            <line num="14" type="stmt" count="4"/>
            <metrics loc="17" ncloc="14" classes="1" methods="1" coveredmethods="1" conditionals="0"
                     coveredconditionals="0" statements="1" coveredstatements="1" elements="2" coveredelements="2"/>
        </file>
        <metrics files="110" loc="6844" ncloc="5061" classes="83" methods="236" coveredmethods="223" conditionals="0"
                 coveredconditionals="0" statements="1856" coveredstatements="1803" elements="2092"
                 coveredelements="2026"/>
    </project>
</coverage>
